<?xml version="1.0" encoding="UTF-8"?>
<!-- Generated by org.testng.reporters.JUnitReportReporter -->
<testsuite skipped="0" hostname="LAPTOP-AU5JLEOO" name="org.Pom_pages.TryForScrrenshot" tests="1" failures="0" timestamp="2022-06-20T14:47:08 IST" time="42.551" errors="0">
  <testcase name="sc" time="42.551" classname="org.Pom_pages.TryForScrrenshot"/>
  <system-out/>
</testsuite> <!-- org.Pom_pages.TryForScrrenshot -->
