<?xml version="1.0" encoding="UTF-8"?>
<!-- Generated by org.testng.reporters.JUnitReportReporter -->
<testsuite skipped="0" hostname="LAPTOP-AU5JLEOO" name="org.Actitime.LaunchBrowser" tests="1" failures="0" timestamp="2022-06-18T13:58:28 IST" time="21.756" errors="0">
  <testcase name="launchBrowser" time="21.756" classname="org.Actitime.LaunchBrowser"/>
  <system-out/>
</testsuite> <!-- org.Actitime.LaunchBrowser -->
