<?xml version="1.0" encoding="UTF-8"?>
<!-- Generated by org.testng.reporters.JUnitReportReporter -->
<testsuite skipped="0" hostname="LAPTOP-AU5JLEOO" name="org.Pom_TestCases.LoginPageTestCases" tests="1" failures="0" timestamp="2022-06-21T20:50:55 IST" time="17.097" errors="0">
  <testcase name="verifypage" time="17.097" classname="org.Pom_TestCases.LoginPageTestCases"/>
  <system-out>
    <![CDATA[verifypagetest succesfull]]>
  </system-out>
</testsuite> <!-- org.Pom_TestCases.LoginPageTestCases -->
