<?xml version="1.0" encoding="UTF-8"?>
<!-- Generated by org.testng.reporters.JUnitReportReporter -->
<testsuite skipped="1" hostname="LAPTOP-AU5JLEOO" name="org.Pom_TestCases.VerifyLoginPageTc1" tests="2" failures="0" timestamp="2022-06-18T16:19:15 IST" time="0.051" errors="1">
  <testcase name="initializeProperty" time="0.051" classname="org.Pom_TestCases.VerifyLoginPageTc1">
    <error type="java.lang.NullPointerException">
      <![CDATA[java.lang.NullPointerException
at org.Utilities.ConfigReader.getConfigtestdata(ConfigReader.java:19)
at org.Pom_TestCases.VerifyLoginPageTc1.initializeProperty(VerifyLoginPageTc1.java:22)
at sun.reflect.NativeMethodAccessorImpl.invoke0(Native Method)
at sun.reflect.NativeMethodAccessorImpl.invoke(NativeMethodAccessorImpl.java:62)
at sun.reflect.DelegatingMethodAccessorImpl.invoke(DelegatingMethodAccessorImpl.java:43)
at java.lang.reflect.Method.invoke(Method.java:498)
at org.testng.internal.MethodInvocationHelper.invokeMethod(MethodInvocationHelper.java:133)
at org.testng.internal.MethodInvocationHelper.invokeMethodConsideringTimeout(MethodInvocationHelper.java:62)
at org.testng.internal.ConfigInvoker.invokeConfigurationMethod(ConfigInvoker.java:385)
at org.testng.internal.ConfigInvoker.invokeConfigurations(ConfigInvoker.java:321)
at org.testng.SuiteRunner.privateRun(SuiteRunner.java:317)
at org.testng.SuiteRunner.run(SuiteRunner.java:276)
at org.testng.SuiteRunnerWorker.runSuite(SuiteRunnerWorker.java:53)
at org.testng.SuiteRunnerWorker.run(SuiteRunnerWorker.java:96)
at org.testng.TestNG.runSuitesSequentially(TestNG.java:1212)
at org.testng.TestNG.runSuitesLocally(TestNG.java:1134)
at org.testng.TestNG.runSuites(TestNG.java:1063)
at org.testng.TestNG.run(TestNG.java:1031)
at org.testng.remote.AbstractRemoteTestNG.run(AbstractRemoteTestNG.java:115)
at org.testng.remote.RemoteTestNG.initAndRun(RemoteTestNG.java:251)
at org.testng.remote.RemoteTestNG.main(RemoteTestNG.java:77)
]]>
    </error>
  </testcase> <!-- initializeProperty -->
  <system-out/>
  <testcase name="verifyLoginPage" time="0.000" classname="org.Pom_TestCases.VerifyLoginPageTc1">
    <skipped/>
  </testcase> <!-- verifyLoginPage -->
  <system-out/>
</testsuite> <!-- org.Pom_TestCases.VerifyLoginPageTc1 -->
