<?xml version="1.0" encoding="UTF-8"?>
<!-- Generated by org.testng.reporters.JUnitReportReporter -->
<testsuite skipped="0" hostname="LAPTOP-AU5JLEOO" name="org.Pom_TestCases.LaunchBrowser" tests="1" failures="0" timestamp="2022-06-20T00:48:32 IST" time="26.938" errors="0">
  <testcase name="launch" time="26.938" classname="org.Pom_TestCases.LaunchBrowser"/>
  <system-out/>
</testsuite> <!-- org.Pom_TestCases.LaunchBrowser -->
