<?xml version="1.0" encoding="UTF-8"?>
<!-- Generated by org.testng.reporters.JUnitReportReporter -->
<testsuite skipped="0" hostname="LAPTOP-AU5JLEOO" name="org.Actitime.Exa1" tests="1" failures="0" timestamp="2022-06-17T20:04:45 IST" time="0.014" errors="0">
  <testcase name="m1" time="0.014" classname="org.Actitime.Exa1"/>
  <system-out/>
</testsuite> <!-- org.Actitime.Exa1 -->
