<?xml version="1.0" encoding="UTF-8"?>
<!-- Generated by org.testng.reporters.JUnitReportReporter -->
<testsuite skipped="0" hostname="LAPTOP-AU5JLEOO" name="org.Pom_pages.TestBaseUtility" tests="1" failures="0" timestamp="2022-06-18T14:24:08 IST" time="102.411" errors="0">
  <testcase name="launchBrowser" time="102.411" classname="org.Pom_pages.TestBaseUtility"/>
  <system-out/>
</testsuite> <!-- org.Pom_pages.TestBaseUtility -->
